<?xml version="1.0" encoding="UTF-8"?>
<!-- Generated by org.testng.reporters.JUnitReportReporter -->
<testsuite hostname="C40LAP-12601" failures="0" tests="1" name="CRGAcNonProfit.TC004_ACNPO_SF_convertLeadToOpp" time="125.462" errors="0" timestamp="2022-07-14T11:59:44 IST" skipped="0">
  <testcase classname="CRGAcNonProfit.TC004_ACNPO_SF_convertLeadToOpp" name="testB" time="125.462"/>
  <system-out/>
</testsuite> <!-- CRGAcNonProfit.TC004_ACNPO_SF_convertLeadToOpp -->
