<?xml version="1.0" encoding="UTF-8"?>
<!-- Generated by org.testng.reporters.JUnitReportReporter -->
<testsuite hostname="C40LAP-12601" failures="0" tests="1" name="CRGForProfit.TC008_UW_BankStmtSummary" time="114.819" errors="0" timestamp="2022-07-14T14:11:11 IST" skipped="0">
  <testcase classname="CRGForProfit.TC008_UW_BankStmtSummary" name="testB" time="114.819"/>
  <system-out/>
</testsuite> <!-- CRGForProfit.TC008_UW_BankStmtSummary -->
