<?xml version="1.0" encoding="UTF-8"?>
<!-- Generated by org.testng.reporters.JUnitReportReporter -->
<testsuite hostname="C40LAP-12601" failures="0" tests="1" name="CRGNonProfit.TC004_NPO_SF_convertLeadToOpp" time="136.204" errors="0" timestamp="2022-07-14T11:59:44 IST" skipped="0">
  <testcase classname="CRGNonProfit.TC004_NPO_SF_convertLeadToOpp" name="testB" time="136.204"/>
  <system-out/>
</testsuite> <!-- CRGNonProfit.TC004_NPO_SF_convertLeadToOpp -->
