<?xml version="1.0" encoding="UTF-8"?>
<!-- Generated by org.testng.reporters.JUnitReportReporter -->
<testsuite hostname="C40LAP-12601" failures="0" tests="1" name="CRGForProfit.TC007_CRG_LinkToBank" time="222.779" errors="0" timestamp="2022-07-14T14:09:00 IST" skipped="0">
  <testcase classname="CRGForProfit.TC007_CRG_LinkToBank" name="testB" time="222.779"/>
  <system-out/>
</testsuite> <!-- CRGForProfit.TC007_CRG_LinkToBank -->
