<?xml version="1.0" encoding="UTF-8"?>
<!-- Generated by org.testng.reporters.JUnitReportReporter -->
<testsuite hostname="C40LAP-12601" failures="0" tests="1" name="CRGForProfit.TC005_SF_EditUWToOpps" time="357.964" errors="0" timestamp="2022-07-14T11:59:45 IST" skipped="0">
  <testcase classname="CRGForProfit.TC005_SF_EditUWToOpps" name="testB" time="357.964"/>
  <system-out/>
</testsuite> <!-- CRGForProfit.TC005_SF_EditUWToOpps -->
