<?xml version="1.0" encoding="UTF-8"?>
<!-- Generated by org.testng.reporters.JUnitReportReporter -->
<testsuite hostname="C40LAP-12601" failures="0" tests="1" name="CRGNonProfit.TC012_NPO_UW_DocUploadToCloseDoc" time="214.157" errors="0" timestamp="2022-07-14T11:59:44 IST" skipped="0">
  <testcase classname="CRGNonProfit.TC012_NPO_UW_DocUploadToCloseDoc" name="testB" time="214.157"/>
  <system-out/>
</testsuite> <!-- CRGNonProfit.TC012_NPO_UW_DocUploadToCloseDoc -->
