<?xml version="1.0" encoding="UTF-8"?>
<!-- Generated by org.testng.reporters.JUnitReportReporter -->
<testsuite hostname="C40LAP-12601" failures="0" tests="1" name="CRGForProfit.TC009_CRG_ForProfitIncomplete" time="356.542" errors="0" timestamp="2022-07-14T11:59:44 IST" skipped="0">
  <testcase classname="CRGForProfit.TC009_CRG_ForProfitIncomplete" name="testB" time="356.542"/>
  <system-out/>
</testsuite> <!-- CRGForProfit.TC009_CRG_ForProfitIncomplete -->
