<?xml version="1.0" encoding="UTF-8"?>
<!-- Generated by org.testng.reporters.JUnitReportReporter -->
<testsuite hostname="C40LAP-12601" failures="0" tests="1" name="CRGForProfit.TC004_SF_convertLeadToOpp" time="165.568" errors="0" timestamp="2022-07-14T11:59:44 IST" skipped="0">
  <testcase classname="CRGForProfit.TC004_SF_convertLeadToOpp" name="testB" time="165.568"/>
  <system-out/>
</testsuite> <!-- CRGForProfit.TC004_SF_convertLeadToOpp -->
