<?xml version="1.0" encoding="UTF-8"?>
<!-- Generated by org.testng.reporters.JUnitReportReporter -->
<testsuite hostname="C40LAP-12601" failures="0" tests="1" name="LendistryNYR.TC012_NYR_UW_DocUploadToCloseDoc" time="309.083" errors="0" timestamp="2022-07-14T11:59:45 IST" skipped="0">
  <testcase classname="LendistryNYR.TC012_NYR_UW_DocUploadToCloseDoc" name="testB" time="309.083"/>
  <system-out/>
</testsuite> <!-- LendistryNYR.TC012_NYR_UW_DocUploadToCloseDoc -->
