<?xml version="1.0" encoding="UTF-8"?>
<!-- Generated by org.testng.reporters.JUnitReportReporter -->
<testsuite hostname="C40LAP-12601" failures="0" tests="1" name="LendistryNYR.TC005_NYR_SF_EditUWToOpps" time="331.001" errors="0" timestamp="2022-07-14T11:59:44 IST" skipped="0">
  <testcase classname="LendistryNYR.TC005_NYR_SF_EditUWToOpps" name="testB" time="331.001"/>
  <system-out/>
</testsuite> <!-- LendistryNYR.TC005_NYR_SF_EditUWToOpps -->
