<?xml version="1.0" encoding="UTF-8"?>
<!-- Generated by org.testng.reporters.JUnitReportReporter -->
<testsuite hostname="C40LAP-12601" failures="0" tests="1" name="LendistryNYR.TC009_NYR_IncompletePortal" time="419.068" errors="0" timestamp="2022-07-14T11:59:44 IST" skipped="0">
  <testcase classname="LendistryNYR.TC009_NYR_IncompletePortal" name="testB" time="419.068"/>
  <system-out/>
</testsuite> <!-- LendistryNYR.TC009_NYR_IncompletePortal -->
