<?xml version="1.0" encoding="UTF-8"?>
<!-- Generated by org.testng.reporters.JUnitReportReporter -->
<testsuite hostname="C40LAP-12601" failures="0" tests="1" name="CRGForProfit.TC012_UW_DocUploadToCloseDoc" time="191.668" errors="0" timestamp="2022-07-14T11:59:45 IST" skipped="0">
  <testcase classname="CRGForProfit.TC012_UW_DocUploadToCloseDoc" name="testB" time="191.668"/>
  <system-out/>
</testsuite> <!-- CRGForProfit.TC012_UW_DocUploadToCloseDoc -->
