<?xml version="1.0" encoding="UTF-8"?>
<!-- Generated by org.testng.reporters.JUnitReportReporter -->
<testsuite hostname="C40LAP-12601" failures="0" tests="1" name="LendistryNYR.TC003_NYR_SF_EditLead" time="130.336" errors="0" timestamp="2022-07-14T11:59:45 IST" skipped="0">
  <testcase classname="LendistryNYR.TC003_NYR_SF_EditLead" name="testB" time="130.336"/>
  <system-out/>
</testsuite> <!-- LendistryNYR.TC003_NYR_SF_EditLead -->
