<?xml version="1.0" encoding="UTF-8"?>
<!-- Generated by org.testng.reporters.JUnitReportReporter -->
<testsuite hostname="C40LAP-12601" failures="0" tests="1" name="LendistryNYR.TC006_NYR_SF_ODSSVerification" time="389.742" errors="0" timestamp="2022-07-14T11:59:45 IST" skipped="0">
  <testcase classname="LendistryNYR.TC006_NYR_SF_ODSSVerification" name="testB" time="389.742"/>
  <system-out/>
</testsuite> <!-- LendistryNYR.TC006_NYR_SF_ODSSVerification -->
