<?xml version="1.0" encoding="UTF-8"?>
<!-- Generated by org.testng.reporters.JUnitReportReporter -->
<testsuite hostname="C40LAP-12601" failures="0" tests="1" name="CRGAcNonProfit.TC011_ACNPO_CRG_DocUpload" time="453.925" errors="0" timestamp="2022-07-14T11:59:45 IST" skipped="0">
  <testcase classname="CRGAcNonProfit.TC011_ACNPO_CRG_DocUpload" name="testB" time="453.925"/>
  <system-out/>
</testsuite> <!-- CRGAcNonProfit.TC011_ACNPO_CRG_DocUpload -->
