<?xml version="1.0" encoding="UTF-8"?>
<!-- Generated by org.testng.reporters.JUnitReportReporter -->
<testsuite hostname="C40LAP-12601" failures="0" tests="1" name="CRGNonProfit.TC002_NPO_SF_LeadVerification" time="115.993" errors="0" timestamp="2022-07-14T11:59:44 IST" skipped="0">
  <testcase classname="CRGNonProfit.TC002_NPO_SF_LeadVerification" name="testB" time="115.993"/>
  <system-out/>
</testsuite> <!-- CRGNonProfit.TC002_NPO_SF_LeadVerification -->
