<?xml version="1.0" encoding="UTF-8"?>
<!-- Generated by org.testng.reporters.JUnitReportReporter -->
<testsuite hostname="C40LAP-12601" failures="0" tests="1" name="CRGNonProfit.TC010_NPO_CRG_NetworkSelection" time="665.766" errors="0" timestamp="2022-07-14T11:59:44 IST" skipped="0">
  <testcase classname="CRGNonProfit.TC010_NPO_CRG_NetworkSelection" name="testB" time="665.766"/>
  <system-out/>
</testsuite> <!-- CRGNonProfit.TC010_NPO_CRG_NetworkSelection -->
