<?xml version="1.0" encoding="UTF-8"?>
<!-- Generated by org.testng.reporters.JUnitReportReporter -->
<testsuite hostname="C40LAP-12601" failures="0" tests="1" name="CRGAcNonProfit.TC007_ACNPO_CRG_LinkToBank" time="261.463" errors="0" timestamp="2022-07-14T11:59:44 IST" skipped="0">
  <testcase classname="CRGAcNonProfit.TC007_ACNPO_CRG_LinkToBank" name="testB" time="261.463"/>
  <system-out/>
</testsuite> <!-- CRGAcNonProfit.TC007_ACNPO_CRG_LinkToBank -->
