<?xml version="1.0" encoding="UTF-8"?>
<!-- Generated by org.testng.reporters.JUnitReportReporter -->
<testsuite hostname="C40LAP-12601" failures="0" tests="1" name="CRGNonProfit.TC013_NPO_SF_ConvertExistingLead" time="159.770" errors="0" timestamp="2022-07-14T11:59:45 IST" skipped="0">
  <testcase classname="CRGNonProfit.TC013_NPO_SF_ConvertExistingLead" name="testB" time="159.770"/>
  <system-out/>
</testsuite> <!-- CRGNonProfit.TC013_NPO_SF_ConvertExistingLead -->
