<?xml version="1.0" encoding="UTF-8"?>
<!-- Generated by org.testng.reporters.JUnitReportReporter -->
<testsuite hostname="C40LAP-12601" failures="0" tests="1" name="CRGNonProfit.TC011_NPO_CRG_DocUpload" time="455.294" errors="0" timestamp="2022-07-14T11:59:44 IST" skipped="0">
  <testcase classname="CRGNonProfit.TC011_NPO_CRG_DocUpload" name="testB" time="455.294"/>
  <system-out/>
</testsuite> <!-- CRGNonProfit.TC011_NPO_CRG_DocUpload -->
