<?xml version="1.0" encoding="UTF-8"?>
<!-- Generated by org.testng.reporters.JUnitReportReporter -->
<testsuite hostname="C40LAP-12601" failures="0" tests="1" name="CRGAcNonProfit.TC006_ACNPO_SF_ODSSVerification" time="335.488" errors="0" timestamp="2022-07-14T11:59:45 IST" skipped="0">
  <testcase classname="CRGAcNonProfit.TC006_ACNPO_SF_ODSSVerification" name="testB" time="335.488"/>
  <system-out/>
</testsuite> <!-- CRGAcNonProfit.TC006_ACNPO_SF_ODSSVerification -->
