<?xml version="1.0" encoding="UTF-8"?>
<!-- Generated by org.testng.reporters.JUnitReportReporter -->
<testsuite hostname="C40LAP-12601" failures="0" tests="1" name="LendistryLending.TC001_LL_SF_GenerateLead" time="182.440" errors="0" timestamp="2022-07-08T15:57:23 IST" skipped="0">
  <testcase classname="LendistryLending.TC001_LL_SF_GenerateLead" name="testB" time="182.440"/>
  <system-out/>
</testsuite> <!-- LendistryLending.TC001_LL_SF_GenerateLead -->
