<?xml version="1.0" encoding="UTF-8"?>
<!-- Generated by org.testng.reporters.JUnitReportReporter -->
<testsuite hostname="C40LAP-12601" failures="0" tests="1" name="LendistryNYR.TC008_NYR_UW_BankStmtSummary" time="184.434" errors="0" timestamp="2022-07-14T14:03:09 IST" skipped="0">
  <testcase classname="LendistryNYR.TC008_NYR_UW_BankStmtSummary" name="testB" time="184.434"/>
  <system-out/>
</testsuite> <!-- LendistryNYR.TC008_NYR_UW_BankStmtSummary -->
