<?xml version="1.0" encoding="UTF-8"?>
<!-- Generated by org.testng.reporters.JUnitReportReporter -->
<testsuite hostname="C40LAP-12601" failures="0" tests="1" name="LendistryNYR.TC010_NYR_NetworkSelection" time="245.665" errors="0" timestamp="2022-07-14T11:59:45 IST" skipped="0">
  <testcase classname="LendistryNYR.TC010_NYR_NetworkSelection" name="testB" time="245.665"/>
  <system-out/>
</testsuite> <!-- LendistryNYR.TC010_NYR_NetworkSelection -->
